Vivado Simulator 2017.4
Copyright 1986-1999, 2001-2016 Xilinx, Inc. All Rights Reserved.
Running: C:/Xilinx/Vivado/2017.4/bin/unwrapped/win64.o/xelab.exe -wto 3fd4fc74a8994c4e935b727d190c0e75 --incr --debug typical --relax --mt 2 -L xil_defaultlib -L secureip --snapshot Matrix_Multiplier_tb_behav xil_defaultlib.Matrix_Multiplier_tb -log elaborate.log 
Using 2 slave threads.
Starting static elaboration
Completed static elaboration
Starting simulation data flow analysis
Completed simulation data flow analysis
Time Resolution for simulation is 1ps
Compiling package std.standard
Compiling package std.textio
Compiling package ieee.std_logic_1164
Compiling package ieee.numeric_std
Compiling package xil_defaultlib.digeng
Compiling package ieee.std_logic_arith
Compiling package ieee.std_logic_unsigned
Compiling architecture behavioral of entity xil_defaultlib.Debouncer [debouncer_default]
Compiling architecture behavioral of entity xil_defaultlib.Param_Counter [\Param_Counter(limit=3)\]
Compiling architecture behavioral of entity xil_defaultlib.Param_Counter [\Param_Counter(limit=5)\]
Compiling architecture behavioral of entity xil_defaultlib.Param_Counter [\Param_Counter(limit=4)\]
Compiling architecture behavioral of entity xil_defaultlib.Control [control_default]
Compiling architecture behavioral of entity xil_defaultlib.Async_ROM_12x5 [async_rom_12x5_default]
Compiling architecture behavioral of entity xil_defaultlib.Async_ROM_15x5 [async_rom_15x5_default]
Compiling architecture behavioral of entity xil_defaultlib.Param_RAM [\Param_RAM(width=11,depth=20)\]
Compiling architecture behavioral of entity xil_defaultlib.Datapath [\Datapath(output_size=11)\]
Compiling architecture behavioral of entity xil_defaultlib.Matrix_Multiplier [matrix_multiplier_default]
Compiling architecture behavioral of entity xil_defaultlib.matrix_multiplier_tb
Built simulation snapshot Matrix_Multiplier_tb_behav
